{"advisory_ids":["INTEL-SA-00161","INTEL-SA-00219","INTEL-SA-00289","INTEL-SA-00477","INTEL-SA-00381","INTEL-SA-00389","INTEL-SA-00320","INTEL-SA-00329"],"caller":"sgx.go:347","level":"error","module":"runtime/host/sgx","msg":"attestation likely rejected by IAS","quote_status":"GROUP_OUT_OF_DATE","ts":"2022-05-30T13:46:47.656142674Z"}
{"caller":"connection.go:487","err":"read unix /tmp/oasis-runtime1692170825/host.sock->@: use of closed network connection","level":"error","module":"runtime/host/sgx","msg":"error while receiving message from worker","runtime_id":"000000000000000000000000000000000000000000000000e199119c992377cb","ts":"2022-05-30T13:46:47.656230381Z"}
{"caller":"sandbox.go:463","err":"failed to initialize connection: failed to initialize TEE: error while configuring AVR: rejecting quote status (\"GROUP_OUT_OF_DATE\")","level":"error","module":"runtime/host/sgx","msg":"failed to start runtime","runtime_id":"000000000000000000000000000000000000000000000000e199119c992377cb","ts":"2022-05-30T13:46:47.656565122Z"}
{"attempt":363,"caller":"sandbox.go:458","level":"info","module":"runtime/host/sgx","msg":"starting runtime","runtime_id":"000000000000000000000000000000000000000000000000e199119c992377cb","ts":"2022-05-30T13:47:28.303654607Z"}
{"caller":"sgx.go:186","level":"info","module":"runtime/host/sgx","msg":"found SGX device","path":"/dev/isgx","ts":"2022-05-30T13:47:28.326309866Z"}
{"caller":"sandbox.go:271","level":"info","module":"runtime/host/sgx","msg":"waiting for runtime to connect","pid":141879,"runtime_id":"000000000000000000000000000000000000000000000000e199119c992377cb","ts":"2022-05-30T13:47:28.346821042Z"}
{"caller":"sandbox.go:316","level":"info","module":"runtime/host/sgx","msg":"runtime connected","pid":141879,"runtime_id":"000000000000000000000000000000000000000000000000e199119c992377cb","ts":"2022-05-30T13:47:28.716135366Z"}
{"msg":"Starting the runtime dispatcher","level":"INFO","{"caller":"connection.go:565","level":"info","module":"runtime/host/sgx","msg":"runtime host protocol initialized","runtime_id":"000000000000000000000000000000000000000000000000e199119c992377cb","runtime_version":"1.1.0","ts":"2022-05-30T13:47:28.722993649Z"}
{"advisory_ids":["INTEL-SA-00161","INTEL-SA-00219","INTEL-SA-00289","INTEL-SA-00477","INTEL-SA-00381","INTEL-SA-00389","INTEL-SA-00320","INTEL-SA-00329"],"caller":"sgx.go:347","level":"error","module":"runtime/host/sgx","msg":"attestation likely rejected by IAS","quote_status":"GROUP_OUT_OF_DATE","ts":"2022-05-30T13:47:29.363134607Z"}
{"caller":"connection.go:487","err":"read unix /tmp/oasis-runtime2750795029/host.sock->@: use of closed network connection","level":"error","module":"runtime/host/sgx","msg":"error while receiving message from worker","runtime_id":"000000000000000000000000000000000000000000000000e199119c992377cb","ts":"2022-05-30T13:47:29.363202948Z"}
{"caller":"sandbox.go:463","err":"failed to initialize connection: failed to initialize TEE: error while configuring AVR: rejecting quote status (\"GROUP_OUT_OF_DATE\")","level":"error","module":"runtime/host/sgx","msg":"failed to start runtime","runtime_id":"000000000000000000000000000000000000000000000000e199119c992377cb","ts":"2022-05-30T13:47:29.363443475Z"}
{"attempt":364,"caller":"sandbox.go:458","level":"info","module":"runtime/host/sgx","msg":"starting runtime","runtime_id":"000000000000000000000000000000000000000000000000e199119c992377cb","ts":"2022-05-30T13:48:31.299125557Z"}
{"caller":"sgx.go:186","level":"info","module":"runtime/host/sgx","msg":"found SGX device","path":"/dev/isgx","ts":"2022-05-30T13:48:31.352196531Z"}
{"caller":"sandbox.go:271","level":"info","module":"runtime/host/sgx","msg":"waiting for runtime to connect","pid":141915,"runtime_id":"000000000000000000000000000000000000000000000000e199119c992377cb","ts":"2022-05-30T13:48:31.372862422Z"}
{"caller":"sandbox.go:316","level":"info","module":"runtime/host/sgx","msg":"runtime connected","pid":141915,"runtime_id":"000000000000000000000000000000000000000000000000e199119c992377cb","ts":"2022-05-30T13:48:31.711283418Z"}
{"msg":"Starting the runtime dispatcher","level":"INFO","ts":"{"caller":"connection.go:565","level":"info","module":"runtime/host/sgx","msg":"runtime host protocol initialized","runtime_id":"000000000000000000000000000000000000000000000000e199119c992377cb","runtime_version":"1.1.0","ts":"2022-05-30T13:48:31.717950816Z"}
{"advisory_ids":["INTEL-SA-00161","INTEL-SA-00219","INTEL-SA-00289","INTEL-SA-00477","INTEL-SA-00381","INTEL-SA-00389","INTEL-SA-00320","INTEL-SA-00329"],"caller":"sgx.go:347","level":"error","module":"runtime/host/sgx","msg":"attestation likely rejected by IAS","quote_status":"GROUP_OUT_OF_DATE","ts":"2022-05-30T13:48:32.348041662Z"}
{"caller":"connection.go:487","err":"read unix /tmp/oasis-runtime1926858632/host.sock->@: use of closed network connection","level":"error","module":"runtime/host/sgx","msg":"error while receiving message from worker","runtime_id":"000000000000000000000000000000000000000000000000e199119c992377cb","ts":"2022-05-30T13:48:32.348108921Z"}
{"caller":"sandbox.go:463","err":"failed to initialize connection: failed to initialize TEE: error while configuring AVR: rejecting quote status (\"GROUP_OUT_OF_DATE\")","level":"error","module":"runtime/host/sgx","msg":"failed to start runtime","runtime_id":"000000000000000000000000000000000000000000000000e199119c992377cb","ts":"2022-05-30T13:48:32.348371433Z"}
{"attempt":365,"caller":"sandbox.go:458","level":"info","module":"runtime/host/sgx","msg":"starting runtime","runtime_id":"000000000000000000000000000000000000000000000000e199119c992377cb","ts":"2022-05-30T13:49:33.832119908Z"}
{"caller":"sgx.go:186","level":"info","module":"runtime/host/sgx","msg":"found SGX device","path":"/dev/isgx","ts":"2022-05-30T13:49:33.876939645Z"}
{"caller":"sandbox.go:271","level":"info","module":"runtime/host/sgx","msg":"waiting for runtime to connect","pid":141958,"runtime_id":"000000000000000000000000000000000000000000000000e199119c992377cb","ts":"2022-05-30T13:49:33.896934401Z"}
{"caller":"sandbox.go:316","level":"info","module":"runtime/host/sgx","msg":"runtime connected","pid":141958,"runtime_id":"000000000000000000000000000000000000000000000000e199119c992377cb","ts":"2022-05-30T13:49:34.23082651Z"}
{"msg":"Starting the runtime dispatcher","level":"INFO","{"caller":"connection.go:565","level":"info","module":"runtime/host/sgx","msg":"runtime host protocol initialized","runtime_id":"000000000000000000000000000000000000000000000000e199119c992377cb","runtime_version":"1.1.0","ts":"2022-05-30T13:49:34.23702064Z"}
{"advisory_ids":["INTEL-SA-00161","INTEL-SA-00219","INTEL-SA-00289","INTEL-SA-00477","INTEL-SA-00381","INTEL-SA-00389","INTEL-SA-00320","INTEL-SA-00329"],"caller":"sgx.go:347","level":"error","module":"runtime/host/sgx","msg":"attestation likely rejected by IAS","quote_status":"GROUP_OUT_OF_DATE","ts":"2022-05-30T13:49:34.961586479Z"}
{"caller":"connection.go:487","err":"read unix /tmp/oasis-runtime725278277/host.sock->@: use of closed network connection","level":"error","module":"runtime/host/sgx","msg":"error while receiving message from worker","runtime_id":"000000000000000000000000000000000000000000000000e199119c992377cb","ts":"2022-05-30T13:49:34.961657611Z"}
{"caller":"sandbox.go:463","err":"failed to initialize connection: failed to initialize TEE: error while configuring AVR: rejecting quote status (\"GROUP_OUT_OF_DATE\")","level":"error","module":"runtime/host/sgx","msg":"failed to start runtime","runtime_id":"000000000000000000000000000000000000000000000000e199119c992377cb","ts":"2022-05-30T13:49:34.961911434Z"}
{"attempt":366,"caller":"sandbox.go:458","level":"info","module":"runtime/host/sgx","msg":"starting runtime","runtime_id":"000000000000000000000000000000000000000000000000e199119c992377cb","ts":"2022-05-30T13:50:48.658159723Z"}
{"caller":"sgx.go:186","level":"info","module":"runtime/host/sgx","msg":"found SGX device","path":"/dev/isgx","ts":"2022-05-30T13:50:48.69105324Z"}
{"caller":"sandbox.go:271","level":"info","module":"runtime/host/sgx","msg":"waiting for runtime to connect","pid":142008,"runtime_id":"000000000000000000000000000000000000000000000000e199119c992377cb","ts":"2022-05-30T13:50:48.712748154Z"}
{"caller":"sandbox.go:316","level":"info","module":"runtime/host/sgx","msg":"runtime connected","pid":142008,"runtime_id":"000000000000000000000000000000000000000000000000e199119c992377cb","ts":"2022-05-30T13:50:49.063338231Z"}
{"msg":"Starting the runtime dispatcher","level":"INFO","ts{"caller":"connection.go:565","level":"info","module":"runtime/host/sgx","msg":"runtime host protocol initialized","runtime_id":"000000000000000000000000000000000000000000000000e199119c992377cb","runtime_version":"1.1.0","ts":"2022-05-30T13:50:49.070253961Z"}
{"advisory_ids":["INTEL-SA-00161","INTEL-SA-00219","INTEL-SA-00289","INTEL-SA-00477","INTEL-SA-00381","INTEL-SA-00389","INTEL-SA-00320","INTEL-SA-00329"],"caller":"sgx.go:347","level":"error","module":"runtime/host/sgx","msg":"attestation likely rejected by IAS","quote_status":"GROUP_OUT_OF_DATE","ts":"2022-05-30T13:50:49.749488069Z"}
{"caller":"connection.go:487","err":"read unix /tmp/oasis-runtime3937236552/host.sock->@: use of closed network connection","level":"error","module":"runtime/host/sgx","msg":"error while receiving message from worker","runtime_id":"000000000000000000000000000000000000000000000000e199119c992377cb","ts":"2022-05-30T13:50:49.749567157Z"}
{"caller":"sandbox.go:463","err":"failed to initialize connection: failed to initialize TEE: error while configuring AVR: rejecting quote status (\"GROUP_OUT_OF_DATE\")","level":"error","module":"runtime/host/sgx","msg":"failed to start runtime","runtime_id":"000000000000000000000000000000000000000000000000e199119c992377cb","ts":"2022-05-30T13:50:49.749925944Z"}
{"attempt":367,"caller":"sandbox.go:458","level":"info","module":"runtime/host/sgx","msg":"starting runtime","runtime_id":"000000000000000000000000000000000000000000000000e199119c992377cb","ts":"2022-05-30T13:51:59.136259089Z"}
{"caller":"sgx.go:186","level":"info","module":"runtime/host/sgx","msg":"found SGX device","path":"/dev/isgx","ts":"2022-05-30T13:51:59.186235898Z"}
{"caller":"sandbox.go:271","level":"info","module":"runtime/host/sgx","msg":"waiting for runtime to connect","pid":142050,"runtime_id":"000000000000000000000000000000000000000000000000e199119c992377cb","ts":"2022-05-30T13:51:59.206528855Z"}
{"caller":"sandbox.go:316","level":"info","module":"runtime/host/sgx","msg":"runtime connected","pid":142050,"runtime_id":"000000000000000000000000000000000000000000000000e199119c992377cb","ts":"2022-05-30T13:51:59.554196933Z"}
{"msg":"Starting the runtime dispatcher","level":"INFO"{"caller":"connection.go:565","level":"info","module":"runtime/host/sgx","msg":"runtime host protocol initialized","runtime_id":"000000000000000000000000000000000000000000000000e199119c992377cb","runtime_version":"1.1.0","ts":"2022-05-30T13:51:59.561178747Z"}
{"advisory_ids":["INTEL-SA-00161","INTEL-SA-00219","INTEL-SA-00289","INTEL-SA-00477","INTEL-SA-00381","INTEL-SA-00389","INTEL-SA-00320","INTEL-SA-00329"],"caller":"sgx.go:347","level":"error","module":"runtime/host/sgx","msg":"attestation likely rejected by IAS","quote_status":"GROUP_OUT_OF_DATE","ts":"2022-05-30T13:52:00.297501745Z"}
{"caller":"connection.go:487","err":"read unix /tmp/oasis-runtime3077271720/host.sock->@: use of closed network connection","level":"error","module":"runtime/host/sgx","msg":"error while receiving message from worker","runtime_id":"000000000000000000000000000000000000000000000000e199119c992377cb","ts":"2022-05-30T13:52:00.297572585Z"}
{"caller":"sandbox.go:463","err":"failed to initialize connection: failed to initialize TEE: error while configuring AVR: rejecting quote status (\"GROUP_OUT_OF_DATE\")","level":"error","module":"runtime/host/sgx","msg":"failed to start runtime","runtime_id":"000000000000000000000000000000000000000000000000e199119c992377cb","ts":"2022-05-30T13:52:00.297888879Z"}
{"attempt":368,"caller":"sandbox.go:458","level":"info","module":"runtime/host/sgx","msg":"starting runtime","runtime_id":"000000000000000000000000000000000000000000000000e199119c992377cb","ts":"2022-05-30T13:52:46.138357996Z"}
{"caller":"sgx.go:186","level":"info","module":"runtime/host/sgx","msg":"found SGX device","path":"/dev/isgx","ts":"2022-05-30T13:52:46.187925233Z"}
{"caller":"sandbox.go:271","level":"info","module":"runtime/host/sgx","msg":"waiting for runtime to connect","pid":142077,"runtime_id":"000000000000000000000000000000000000000000000000e199119c992377cb","ts":"2022-05-30T13:52:46.208375575Z"}
{"caller":"sandbox.go:316","level":"info","module":"runtime/host/sgx","msg":"runtime connected","pid":142077,"runtime_id":"000000000000000000000000000000000000000000000000e199119c992377cb","ts":"2022-05-30T13:52:46.553474991Z"}
{"msg":"Starting the runtime dispatcher","level":"INFO",{"caller":"connection.go:565","level":"info","module":"runtime/host/sgx","msg":"runtime host protocol initialized","runtime_id":"000000000000000000000000000000000000000000000000e199119c992377cb","runtime_version":"1.1.0","ts":"2022-05-30T13:52:46.56022444Z"}
{"advisory_ids":["INTEL-SA-00161","INTEL-SA-00219","INTEL-SA-00289","INTEL-SA-00477","INTEL-SA-00381","INTEL-SA-00389","INTEL-SA-00320","INTEL-SA-00329"],"caller":"sgx.go:347","level":"error","module":"runtime/host/sgx","msg":"attestation likely rejected by IAS","quote_status":"GROUP_OUT_OF_DATE","ts":"2022-05-30T13:52:47.198105518Z"}
{"caller":"connection.go:487","err":"read unix /tmp/oasis-runtime2927060049/host.sock->@: use of closed network connection","level":"error","module":"runtime/host/sgx","msg":"error while receiving message from worker","runtime_id":"000000000000000000000000000000000000000000000000e199119c992377cb","ts":"2022-05-30T13:52:47.198166772Z"}
{"caller":"sandbox.go:463","err":"failed to initialize connection: failed to initialize TEE: error while configuring AVR: rejecting quote status (\"GROUP_OUT_OF_DATE\")","level":"error","module":"runtime/host/sgx","msg":"failed to start runtime","runtime_id":"000000000000000000000000000000000000000000000000e199119c992377cb","ts":"2022-05-30T13:52:47.19841612Z"}
{"attempt":369,"caller":"sandbox.go:458","level":"info","module":"runtime/host/sgx","msg":"starting runtime","runtime_id":"000000000000000000000000000000000000000000000000e199119c992377cb","ts":"2022-05-30T13:53:22.963104541Z"}
{"caller":"sgx.go:186","level":"info","module":"runtime/host/sgx","msg":"found SGX device","path":"/dev/isgx","ts":"2022-05-30T13:53:22.985624629Z"}
{"caller":"sandbox.go:271","level":"info","module":"runtime/host/sgx","msg":"waiting for runtime to connect","pid":142102,"runtime_id":"000000000000000000000000000000000000000000000000e199119c992377cb","ts":"2022-05-30T13:53:23.004124917Z"}
{"caller":"sandbox.go:316","level":"info","module":"runtime/host/sgx","msg":"runtime connected","pid":142102,"runtime_id":"000000000000000000000000000000000000000000000000e199119c992377cb","ts":"2022-05-30T13:53:23.336238482Z"}
{"msg":"Starting the runtime dispatcher","level":"INFO","{"caller":"connection.go:565","level":"info","module":"runtime/host/sgx","msg":"runtime host protocol initialized","runtime_id":"000000000000000000000000000000000000000000000000e199119c992377cb","runtime_version":"1.1.0","ts":"2022-05-30T13:53:23.344495979Z"}
{"advisory_ids":["INTEL-SA-00161","INTEL-SA-00219","INTEL-SA-00289","INTEL-SA-00477","INTEL-SA-00381","INTEL-SA-00389","INTEL-SA-00320","INTEL-SA-00329"],"caller":"sgx.go:347","level":"error","module":"runtime/host/sgx","msg":"attestation likely rejected by IAS","quote_status":"GROUP_OUT_OF_DATE","ts":"2022-05-30T13:53:23.99957812Z"}
{"caller":"connection.go:487","err":"read unix /tmp/oasis-runtime3707505946/host.sock->@: use of closed network connection","level":"error","module":"runtime/host/sgx","msg":"error while receiving message from worker","runtime_id":"000000000000000000000000000000000000000000000000e199119c992377cb","ts":"2022-05-30T13:53:23.999647507Z"}
{"caller":"sandbox.go:463","err":"failed to initialize connection: failed to initialize TEE: error while configuring AVR: rejecting quote status (\"GROUP_OUT_OF_DATE\")","level":"error","module":"runtime/host/sgx","msg":"failed to start runtime","runtime_id":"000000000000000000000000000000000000000000000000e199119c992377cb","ts":"2022-05-30T13:53:23.999952452Z"}
{"attempt":370,"caller":"sandbox.go:458","level":"info","module":"runtime/host/sgx","msg":"starting runtime","runtime_id":"000000000000000000000000000000000000000000000000e199119c992377cb","ts":"2022-05-30T13:54:10.658053613Z"}
{"caller":"sgx.go:186","level":"info","module":"runtime/host/sgx","msg":"found SGX device","path":"/dev/isgx","ts":"2022-05-30T13:54:10.709239829Z"}
{"caller":"sandbox.go:271","level":"info","module":"runtime/host/sgx","msg":"waiting for runtime to connect","pid":142132,"runtime_id":"000000000000000000000000000000000000000000000000e199119c992377cb","ts":"2022-05-30T13:54:10.730822836Z"}
{"caller":"sandbox.go:316","level":"info","module":"runtime/host/sgx","msg":"runtime connected","pid":142132,"runtime_id":"000000000000000000000000000000000000000000000000e199119c992377cb","ts":"2022-05-30T13:54:11.073141429Z"}
{"msg":"Starting the runtime dispatcher","level":"INFO","ts"{"caller":"connection.go:565","level":"info","module":"runtime/host/sgx","msg":"runtime host protocol initialized","runtime_id":"000000000000000000000000000000000000000000000000e199119c992377cb","runtime_version":"1.1.0","ts":"2022-05-30T13:54:11.079677679Z"}
{"advisory_ids":["INTEL-SA-00161","INTEL-SA-00219","INTEL-SA-00289","INTEL-SA-00477","INTEL-SA-00381","INTEL-SA-00389","INTEL-SA-00320","INTEL-SA-00329"],"caller":"sgx.go:347","level":"error","module":"runtime/host/sgx","msg":"attestation likely rejected by IAS","quote_status":"GROUP_OUT_OF_DATE","ts":"2022-05-30T13:54:11.798501331Z"}
{"caller":"connection.go:487","err":"read unix /tmp/oasis-runtime981908842/host.sock->@: use of closed network connection","level":"error","module":"runtime/host/sgx","msg":"error while receiving message from worker","runtime_id":"000000000000000000000000000000000000000000000000e199119c992377cb","ts":"2022-05-30T13:54:11.798580139Z"}
{"caller":"sandbox.go:463","err":"failed to initialize connection: failed to initialize TEE: error while configuring AVR: rejecting quote status (\"GROUP_OUT_OF_DATE\")","level":"error","module":"runtime/host/sgx","msg":"failed to start runtime","runtime_id":"000000000000000000000000000000000000000000000000e199119c992377cb","ts":"2022-05-30T13:54:11.798901229Z"}
{"attempt":371,"caller":"sandbox.go:458","level":"info","module":"runtime/host/sgx","msg":"starting runtime","runtime_id":"000000000000000000000000000000000000000000000000e199119c992377cb","ts":"2022-05-30T13:55:00.933629702Z"}
{"caller":"sgx.go:186","level":"info","module":"runtime/host/sgx","msg":"found SGX device","path":"/dev/isgx","ts":"2022-05-30T13:55:00.98610374Z"}
{"caller":"sandbox.go:271","level":"info","module":"runtime/host/sgx","msg":"waiting for runtime to connect","pid":142161,"runtime_id":"000000000000000000000000000000000000000000000000e199119c992377cb","ts":"2022-05-30T13:55:01.006581126Z"}
{"caller":"sandbox.go:316","level":"info","module":"runtime/host/sgx","msg":"runtime connected","pid":142161,"runtime_id":"000000000000000000000000000000000000000000000000e199119c992377cb","ts":"2022-05-30T13:55:01.358766149Z"}
{"msg":"Starting the runtime dispatcher","level":"INFO","{"caller":"connection.go:565","level":"info","module":"runtime/host/sgx","msg":"runtime host protocol initialized","runtime_id":"000000000000000000000000000000000000000000000000e199119c992377cb","runtime_version":"1.1.0","ts":"2022-05-30T13:55:01.373100715Z"}
{"advisory_ids":["INTEL-SA-00161","INTEL-SA-00219","INTEL-SA-00289","INTEL-SA-00477","INTEL-SA-00381","INTEL-SA-00389","INTEL-SA-00320","INTEL-SA-00329"],"caller":"sgx.go:347","level":"error","module":"runtime/host/sgx","msg":"attestation likely rejected by IAS","quote_status":"GROUP_OUT_OF_DATE","ts":"2022-05-30T13:55:02.10147034Z"}
{"caller":"connection.go:487","err":"read unix /tmp/oasis-runtime606273733/host.sock->@: use of closed network connection","level":"error","module":"runtime/host/sgx","msg":"error while receiving message from worker","runtime_id":"000000000000000000000000000000000000000000000000e199119c992377cb","ts":"2022-05-30T13:55:02.101543761Z"}
{"caller":"sandbox.go:463","err":"failed to initialize connection: failed to initialize TEE: error while configuring AVR: rejecting quote status (\"GROUP_OUT_OF_DATE\")","level":"error","module":"runtime/host/sgx","msg":"failed to start runtime","runtime_id":"000000000000000000000000000000000000000000000000e199119c992377cb","ts":"2022-05-30T13:55:02.101778933Z"}
{"attempt":372,"caller":"sandbox.go:458","level":"info","module":"runtime/host/sgx","msg":"starting runtime","runtime_id":"000000000000000000000000000000000000000000000000e199119c992377cb","ts":"2022-05-30T13:55:39.516741499Z"}
{"caller":"sgx.go:186","level":"info","module":"runtime/host/sgx","msg":"found SGX device","path":"/dev/isgx","ts":"2022-05-30T13:55:39.571598902Z"}
{"caller":"sandbox.go:271","level":"info","module":"runtime/host/sgx","msg":"waiting for runtime to connect","pid":142183,"runtime_id":"000000000000000000000000000000000000000000000000e199119c992377cb","ts":"2022-05-30T13:55:39.59443816Z"}
{"caller":"sandbox.go:316","level":"info","module":"runtime/host/sgx","msg":"runtime connected","pid":142183,"runtime_id":"000000000000000000000000000000000000000000000000e199119c992377cb","ts":"2022-05-30T13:55:39.936620703Z"}
{"msg":{"caller":"connection.go:565","level":"info","module":"runtime/host/sgx","msg":"runtime host protocol initialized","runtime_id":"000000000000000000000000000000000000000000000000e199119c992377cb","runtime_version":"1.1.0","ts":"2022-05-30T13:55:39.943478144Z"}
{"advisory_ids":["INTEL-SA-00161","INTEL-SA-00219","INTEL-SA-00289","INTEL-SA-00477","INTEL-SA-00381","INTEL-SA-00389","INTEL-SA-00320","INTEL-SA-00329"],"caller":"sgx.go:347","level":"error","module":"runtime/host/sgx","msg":"attestation likely rejected by IAS","quote_status":"GROUP_OUT_OF_DATE","ts":"2022-05-30T13:55:40.660083536Z"}
{"caller":"connection.go:487","err":"read unix /tmp/oasis-runtime3917291196/host.sock->@: use of closed network connection","level":"error","module":"runtime/host/sgx","msg":"error while receiving message from worker","runtime_id":"000000000000000000000000000000000000000000000000e199119c992377cb","ts":"2022-05-30T13:55:40.66016316Z"}
{"caller":"sandbox.go:463","err":"failed to initialize connection: failed to initialize TEE: error while configuring AVR: rejecting quote status (\"GROUP_OUT_OF_DATE\")","level":"error","module":"runtime/host/sgx","msg":"failed to start runtime","runtime_id":"000000000000000000000000000000000000000000000000e199119c992377cb","ts":"2022-05-30T13:55:40.660393091Z"}
{"attempt":373,"caller":"sandbox.go:458","level":"info","module":"runtime/host/sgx","msg":"starting runtime","runtime_id":"000000000000000000000000000000000000000000000000e199119c992377cb","ts":"2022-05-30T13:56:33.999414768Z"}
{"caller":"sgx.go:186","level":"info","module":"runtime/host/sgx","msg":"found SGX device","path":"/dev/isgx","ts":"2022-05-30T13:56:34.053336469Z"}
{"caller":"sandbox.go:271","level":"info","module":"runtime/host/sgx","msg":"waiting for runtime to connect","pid":142218,"runtime_id":"000000000000000000000000000000000000000000000000e199119c992377cb","ts":"2022-05-30T13:56:34.075015237Z"}
{"caller":"sandbox.go:316","level":"info","module":"runtime/host/sgx","msg":"runtime connected","pid":142218,"runtime_id":"000000000000000000000000000000000000000000000000e199119c992377cb","ts":"2022-05-30T13:56:34.416879137Z"}
{"msg":"Starting the runtime dispatcher","level":"INFO","{"caller":"connection.go:565","level":"info","module":"runtime/host/sgx","msg":"runtime host protocol initialized","runtime_id":"000000000000000000000000000000000000000000000000e199119c992377cb","runtime_version":"1.1.0","ts":"2022-05-30T13:56:34.423551307Z"}
{"advisory_ids":["INTEL-SA-00161","INTEL-SA-00219","INTEL-SA-00289","INTEL-SA-00477","INTEL-SA-00381","INTEL-SA-00389","INTEL-SA-00320","INTEL-SA-00329"],"caller":"sgx.go:347","level":"error","module":"runtime/host/sgx","msg":"attestation likely rejected by IAS","quote_status":"GROUP_OUT_OF_DATE","ts":"2022-05-30T13:56:35.093215082Z"}
{"caller":"connection.go:487","err":"read unix /tmp/oasis-runtime2167773567/host.sock->@: use of closed network connection","level":"error","module":"runtime/host/sgx","msg":"error while receiving message from worker","runtime_id":"000000000000000000000000000000000000000000000000e199119c992377cb","ts":"2022-05-30T13:56:35.09329104Z"}
{"caller":"sandbox.go:463","err":"failed to initialize connection: failed to initialize TEE: error while configuring AVR: rejecting quote status (\"GROUP_OUT_OF_DATE\")","level":"error","module":"runtime/host/sgx","msg":"failed to start runtime","runtime_id":"000000000000000000000000000000000000000000000000e199119c992377cb","ts":"2022-05-30T13:56:35.093583255Z"}
{"attempt":374,"caller":"sandbox.go:458","level":"info","module":"runtime/host/sgx","msg":"starting runtime","runtime_id":"000000000000000000000000000000000000000000000000e199119c992377cb","ts":"2022-05-30T13:57:21.424698899Z"}
{"caller":"sgx.go:186","level":"info","module":"runtime/host/sgx","msg":"found SGX device","path":"/dev/isgx","ts":"2022-05-30T13:57:21.473785183Z"}
{"caller":"sandbox.go:271","level":"info","module":"runtime/host/sgx","msg":"waiting for runtime to connect","pid":142249,"runtime_id":"000000000000000000000000000000000000000000000000e199119c992377cb","ts":"2022-05-30T13:57:21.494896029Z"}
{"caller":"sandbox.go:316","level":"info","module":"runtime/host/sgx","msg":"runtime connected","pid":142249,"runtime_id":"000000000000000000000000000000000000000000000000e199119c992377cb","ts":"2022-05-30T13:57:21.829674254Z"}
{"msg":"{"caller":"connection.go:565","level":"info","module":"runtime/host/sgx","msg":"runtime host protocol initialized","runtime_id":"000000000000000000000000000000000000000000000000e199119c992377cb","runtime_version":"1.1.0","ts":"2022-05-30T13:57:21.835958404Z"}
{"advisory_ids":["INTEL-SA-00161","INTEL-SA-00219","INTEL-SA-00289","INTEL-SA-00477","INTEL-SA-00381","INTEL-SA-00389","INTEL-SA-00320","INTEL-SA-00329"],"caller":"sgx.go:347","level":"error","module":"runtime/host/sgx","msg":"attestation likely rejected by IAS","quote_status":"GROUP_OUT_OF_DATE","ts":"2022-05-30T13:57:22.542365586Z"}
{"caller":"connection.go:487","err":"read unix /tmp/oasis-runtime1964392566/host.sock->@: use of closed network connection","level":"error","module":"runtime/host/sgx","msg":"error while receiving message from worker","runtime_id":"000000000000000000000000000000000000000000000000e199119c992377cb","ts":"2022-05-30T13:57:22.542445344Z"}
{"caller":"sandbox.go:463","err":"failed to initialize connection: failed to initialize TEE: error while configuring AVR: rejecting quote status (\"GROUP_OUT_OF_DATE\")","level":"error","module":"runtime/host/sgx","msg":"failed to start runtime","runtime_id":"000000000000000000000000000000000000000000000000e199119c992377cb","ts":"2022-05-30T13:57:22.542759094Z"}
{"attempt":375,"caller":"sandbox.go:458","level":"info","module":"runtime/host/sgx","msg":"starting runtime","runtime_id":"000000000000000000000000000000000000000000000000e199119c992377cb","ts":"2022-05-30T13:57:59.778429527Z"}
{"caller":"sgx.go:186","level":"info","module":"runtime/host/sgx","msg":"found SGX device","path":"/dev/isgx","ts":"2022-05-30T13:57:59.832717891Z"}
{"caller":"sandbox.go:271","level":"info","module":"runtime/host/sgx","msg":"waiting for runtime to connect","pid":142272,"runtime_id":"000000000000000000000000000000000000000000000000e199119c992377cb","ts":"2022-05-30T13:57:59.855090793Z"}
{"caller":"sandbox.go:316","level":"info","module":"runtime/host/sgx","msg":"runtime connected","pid":142272,"runtime_id":"000000000000000000000000000000000000000000000000e199119c992377cb","ts":"2022-05-30T13:58:00.201018885Z"}
{"msg":{"caller":"connection.go:565","level":"info","module":"runtime/host/sgx","msg":"runtime host protocol initialized","runtime_id":"000000000000000000000000000000000000000000000000e199119c992377cb","runtime_version":"1.1.0","ts":"2022-05-30T13:58:00.2074991Z"}
{"advisory_ids":["INTEL-SA-00161","INTEL-SA-00219","INTEL-SA-00289","INTEL-SA-00477","INTEL-SA-00381","INTEL-SA-00389","INTEL-SA-00320","INTEL-SA-00329"],"caller":"sgx.go:347","level":"error","module":"runtime/host/sgx","msg":"attestation likely rejected by IAS","quote_status":"GROUP_OUT_OF_DATE","ts":"2022-05-30T13:58:00.882423104Z"}
{"caller":"connection.go:487","err":"read unix /tmp/oasis-runtime2186574527/host.sock->@: use of closed network connection","level":"error","module":"runtime/host/sgx","msg":"error while receiving message from worker","runtime_id":"000000000000000000000000000000000000000000000000e199119c992377cb","ts":"2022-05-30T13:58:00.882501382Z"}
{"caller":"sandbox.go:463","err":"failed to initialize connection: failed to initialize TEE: error while configuring AVR: rejecting quote status (\"GROUP_OUT_OF_DATE\")","level":"error","module":"runtime/host/sgx","msg":"failed to start runtime","runtime_id":"000000000000000000000000000000000000000000000000e199119c992377cb","ts":"2022-05-30T13:58:00.882798435Z"}
{"attempt":376,"caller":"sandbox.go:458","level":"info","module":"runtime/host/sgx","msg":"starting runtime","runtime_id":"000000000000000000000000000000000000000000000000e199119c992377cb","ts":"2022-05-30T13:58:36.03218915Z"}
{"caller":"sgx.go:186","level":"info","module":"runtime/host/sgx","msg":"found SGX device","path":"/dev/isgx","ts":"2022-05-30T13:58:36.083578511Z"}
{"caller":"sandbox.go:271","level":"info","module":"runtime/host/sgx","msg":"waiting for runtime to connect","pid":142300,"runtime_id":"000000000000000000000000000000000000000000000000e199119c992377cb","ts":"2022-05-30T13:58:36.104660638Z"}
{"caller":"sandbox.go:316","level":"info","module":"runtime/host/sgx","msg":"runtime connected","pid":142300,"runtime_id":"000000000000000000000000000000000000000000000000e199119c992377cb","ts":"2022-05-30T13:58:36.450825055Z"}
{"msg":"Starting the runtime dispatcher{"caller":"connection.go:565","level":"info","module":"runtime/host/sgx","msg":"runtime host protocol initialized","runtime_id":"000000000000000000000000000000000000000000000000e199119c992377cb","runtime_version":"1.1.0","ts":"2022-05-30T13:58:36.45810553Z"}
{"advisory_ids":["INTEL-SA-00161","INTEL-SA-00219","INTEL-SA-00289","INTEL-SA-00477","INTEL-SA-00381","INTEL-SA-00389","INTEL-SA-00320","INTEL-SA-00329"],"caller":"sgx.go:347","level":"error","module":"runtime/host/sgx","msg":"attestation likely rejected by IAS","quote_status":"GROUP_OUT_OF_DATE","ts":"2022-05-30T13:58:37.101014896Z"}
{"caller":"connection.go:487","err":"read unix /tmp/oasis-runtime609717820/host.sock->@: use of closed network connection","level":"error","module":"runtime/host/sgx","msg":"error while receiving message from worker","runtime_id":"000000000000000000000000000000000000000000000000e199119c992377cb","ts":"2022-05-30T13:58:37.101089427Z"}
{"caller":"sandbox.go:463","err":"failed to initialize connection: failed to initialize TEE: error while configuring AVR: rejecting quote status (\"GROUP_OUT_OF_DATE\")","level":"error","module":"runtime/host/sgx","msg":"failed to start runtime","runtime_id":"000000000000000000000000000000000000000000000000e199119c992377cb","ts":"2022-05-30T13:58:37.101346119Z"}
{"attempt":377,"caller":"sandbox.go:458","level":"info","module":"runtime/host/sgx","msg":"starting runtime","runtime_id":"000000000000000000000000000000000000000000000000e199119c992377cb","ts":"2022-05-30T13:59:27.142460141Z"}
{"caller":"sgx.go:186","level":"info","module":"runtime/host/sgx","msg":"found SGX device","path":"/dev/isgx","ts":"2022-05-30T13:59:27.193487591Z"}
{"caller":"sandbox.go:271","level":"info","module":"runtime/host/sgx","msg":"waiting for runtime to connect","pid":142329,"runtime_id":"000000000000000000000000000000000000000000000000e199119c992377cb","ts":"2022-05-30T13:59:27.213994668Z"}
{"caller":"sandbox.go:316","level":"info","module":"runtime/host/sgx","msg":"runtime connected","pid":142329,"runtime_id":"000000000000000000000000000000000000000000000000e199119c992377cb","ts":"2022-05-30T13:59:27.535914409Z"}
{"msg":"Starting the runtime dispatcher","level":"INFO","ts":"2022-05-30T13:59:27.542423044Z"{"caller":"connection.go:565","level":"info","module":"runtime/host/sgx","msg":"runtime host protocol initialized","runtime_id":"000000000000000000000000000000000000000000000000e199119c992377cb","runtime_version":"1.1.0","ts":"2022-05-30T13:59:27.542714826Z"}
{"advisory_ids":["INTEL-SA-00161","INTEL-SA-00219","INTEL-SA-00289","INTEL-SA-00477","INTEL-SA-00381","INTEL-SA-00389","INTEL-SA-00320","INTEL-SA-00329"],"caller":"sgx.go:347","level":"error","module":"runtime/host/sgx","msg":"attestation likely rejected by IAS","quote_status":"GROUP_OUT_OF_DATE","ts":"2022-05-30T13:59:28.193657157Z"}
{"caller":"connection.go:487","err":"read unix /tmp/oasis-runtime1219959156/host.sock->@: use of closed network connection","level":"error","module":"runtime/host/sgx","msg":"error while receiving message from worker","runtime_id":"000000000000000000000000000000000000000000000000e199119c992377cb","ts":"2022-05-30T13:59:28.193740714Z"}
{"caller":"sandbox.go:463","err":"failed to initialize connection: failed to initialize TEE: error while configuring AVR: rejecting quote status (\"GROUP_OUT_OF_DATE\")","level":"error","module":"runtime/host/sgx","msg":"failed to start runtime","runtime_id":"000000000000000000000000000000000000000000000000e199119c992377cb","ts":"2022-05-30T13:59:28.194017793Z"}
{"attempt":378,"caller":"sandbox.go:458","level":"info","module":"runtime/host/sgx","msg":"starting runtime","runtime_id":"000000000000000000000000000000000000000000000000e199119c992377cb","ts":"2022-05-30T14:00:01.334858481Z"}
{"caller":"sgx.go:186","level":"info","module":"runtime/host/sgx","msg":"found SGX device","path":"/dev/isgx","ts":"2022-05-30T14:00:01.382292461Z"}
{"caller":"sandbox.go:271","level":"info","module":"runtime/host/sgx","msg":"waiting for runtime to connect","pid":142358,"runtime_id":"000000000000000000000000000000000000000000000000e199119c992377cb","ts":"2022-05-30T14:00:01.402792846Z"}
{"caller":"sandbox.go:316","level":"info","module":"runtime/host/sgx","msg":"runtime connected","pid":142358,"runtime_id":"000000000000000000000000000000000000000000000000e199119c992377cb","ts":"2022-05-30T14:00:01.741761842Z"}
{"msg":"Starting the runtime dispatcher","level":"INFO",{"caller":"connection.go:565","level":"info","module":"runtime/host/sgx","msg":"runtime host protocol initialized","runtime_id":"000000000000000000000000000000000000000000000000e199119c992377cb","runtime_version":"1.1.0","ts":"2022-05-30T14:00:01.748404103Z"}
{"advisory_ids":["INTEL-SA-00161","INTEL-SA-00219","INTEL-SA-00289","INTEL-SA-00477","INTEL-SA-00381","INTEL-SA-00389","INTEL-SA-00320","INTEL-SA-00329"],"caller":"sgx.go:347","level":"error","module":"runtime/host/sgx","msg":"attestation likely rejected by IAS","quote_status":"GROUP_OUT_OF_DATE","ts":"2022-05-30T14:00:02.491318096Z"}
{"caller":"connection.go:487","err":"read unix /tmp/oasis-runtime2674936812/host.sock->@: use of closed network connection","level":"error","module":"runtime/host/sgx","msg":"error while receiving message from worker","runtime_id":"000000000000000000000000000000000000000000000000e199119c992377cb","ts":"2022-05-30T14:00:02.491391752Z"}
{"caller":"sandbox.go:463","err":"failed to initialize connection: failed to initialize TEE: error while configuring AVR: rejecting quote status (\"GROUP_OUT_OF_DATE\")","level":"error","module":"runtime/host/sgx","msg":"failed to start runtime","runtime_id":"000000000000000000000000000000000000000000000000e199119c992377cb","ts":"2022-05-30T14:00:02.491661714Z"}
{"attempt":379,"caller":"sandbox.go:458","level":"info","module":"runtime/host/sgx","msg":"starting runtime","runtime_id":"000000000000000000000000000000000000000000000000e199119c992377cb","ts":"2022-05-30T14:01:15.025420862Z"}
{"caller":"sgx.go:186","level":"info","module":"runtime/host/sgx","msg":"found SGX device","path":"/dev/isgx","ts":"2022-05-30T14:01:15.078043978Z"}
{"caller":"sandbox.go:271","level":"info","module":"runtime/host/sgx","msg":"waiting for runtime to connect","pid":142398,"runtime_id":"000000000000000000000000000000000000000000000000e199119c992377cb","ts":"2022-05-30T14:01:15.098378077Z"}
{"caller":"sandbox.go:316","level":"info","module":"runtime/host/sgx","msg":"runtime connected","pid":142398,"runtime_id":"000000000000000000000000000000000000000000000000e199119c992377cb","ts":"2022-05-30T14:01:15.429158591Z"}
{"msg":"Starting the runtime dispatcher","level":"INFO","{"caller":"connection.go:565","level":"info","module":"runtime/host/sgx","msg":"runtime host protocol initialized","runtime_id":"000000000000000000000000000000000000000000000000e199119c992377cb","runtime_version":"1.1.0","ts":"2022-05-30T14:01:15.435688021Z"}
{"advisory_ids":["INTEL-SA-00161","INTEL-SA-00219","INTEL-SA-00289","INTEL-SA-00477","INTEL-SA-00381","INTEL-SA-00389","INTEL-SA-00320","INTEL-SA-00329"],"caller":"sgx.go:347","level":"error","module":"runtime/host/sgx","msg":"attestation likely rejected by IAS","quote_status":"GROUP_OUT_OF_DATE","ts":"2022-05-30T14:01:16.132628614Z"}
{"caller":"connection.go:487","err":"read unix /tmp/oasis-runtime528777068/host.sock->@: use of closed network connection","level":"error","module":"runtime/host/sgx","msg":"error while receiving message from worker","runtime_id":"000000000000000000000000000000000000000000000000e199119c992377cb","ts":"2022-05-30T14:01:16.132687974Z"}
{"caller":"sandbox.go:463","err":"failed to initialize connection: failed to initialize TEE: error while configuring AVR: rejecting quote status (\"GROUP_OUT_OF_DATE\")","level":"error","module":"runtime/host/sgx","msg":"failed to start runtime","runtime_id":"000000000000000000000000000000000000000000000000e199119c992377cb","ts":"2022-05-30T14:01:16.132874543Z"}
{"attempt":380,"caller":"sandbox.go:458","level":"info","module":"runtime/host/sgx","msg":"starting runtime","runtime_id":"000000000000000000000000000000000000000000000000e199119c992377cb","ts":"2022-05-30T14:01:46.092562793Z"}
{"caller":"sgx.go:186","level":"info","module":"runtime/host/sgx","msg":"found SGX device","path":"/dev/isgx","ts":"2022-05-30T14:01:46.138435967Z"}
{"caller":"sandbox.go:271","level":"info","module":"runtime/host/sgx","msg":"waiting for runtime to connect","pid":142423,"runtime_id":"000000000000000000000000000000000000000000000000e199119c992377cb","ts":"2022-05-30T14:01:46.159007591Z"}
{"caller":"sandbox.go:316","level":"info","module":"runtime/host/sgx","msg":"runtime connected","pid":142423,"runtime_id":"000000000000000000000000000000000000000000000000e199119c992377cb","ts":"2022-05-30T14:01:46.513498853Z"}
{"msg":{"caller":"connection.go:565","level":"info","module":"runtime/host/sgx","msg":"runtime host protocol initialized","runtime_id":"000000000000000000000000000000000000000000000000e199119c992377cb","runtime_version":"1.1.0","ts":"2022-05-30T14:01:46.520178387Z"}
{"advisory_ids":["INTEL-SA-00161","INTEL-SA-00219","INTEL-SA-00289","INTEL-SA-00477","INTEL-SA-00381","INTEL-SA-00389","INTEL-SA-00320","INTEL-SA-00329"],"caller":"sgx.go:347","level":"error","module":"runtime/host/sgx","msg":"attestation likely rejected by IAS","quote_status":"GROUP_OUT_OF_DATE","ts":"2022-05-30T14:01:47.218803646Z"}
{"caller":"connection.go:487","err":"read unix /tmp/oasis-runtime3792401591/host.sock->@: use of closed network connection","level":"error","module":"runtime/host/sgx","msg":"error while receiving message from worker","runtime_id":"000000000000000000000000000000000000000000000000e199119c992377cb","ts":"2022-05-30T14:01:47.21888059Z"}
{"caller":"sandbox.go:463","err":"failed to initialize connection: failed to initialize TEE: error while configuring AVR: rejecting quote status (\"GROUP_OUT_OF_DATE\")","level":"error","module":"runtime/host/sgx","msg":"failed to start runtime","runtime_id":"000000000000000000000000000000000000000000000000e199119c992377cb","ts":"2022-05-30T14:01:47.21912079Z"}
{"attempt":381,"caller":"sandbox.go:458","level":"info","module":"runtime/host/sgx","msg":"starting runtime","runtime_id":"000000000000000000000000000000000000000000000000e199119c992377cb","ts":"2022-05-30T14:02:30.480116763Z"}
{"caller":"sgx.go:186","level":"info","module":"runtime/host/sgx","msg":"found SGX device","path":"/dev/isgx","ts":"2022-05-30T14:02:30.531085624Z"}
{"caller":"sandbox.go:271","level":"info","module":"runtime/host/sgx","msg":"waiting for runtime to connect","pid":142448,"runtime_id":"000000000000000000000000000000000000000000000000e199119c992377cb","ts":"2022-05-30T14:02:30.551347454Z"}
{"caller":"sandbox.go:316","level":"info","module":"runtime/host/sgx","msg":"runtime connected","pid":142448,"runtime_id":"000000000000000000000000000000000000000000000000e199119c992377cb","ts":"2022-05-30T14:02:30.887410003Z"}
{"msg":"Starting the runtime dispatcher","level":"INFO"{"caller":"connection.go:565","level":"info","module":"runtime/host/sgx","msg":"runtime host protocol initialized","runtime_id":"000000000000000000000000000000000000000000000000e199119c992377cb","runtime_version":"1.1.0","ts":"2022-05-30T14:02:30.893726086Z"}
{"advisory_ids":["INTEL-SA-00161","INTEL-SA-00219","INTEL-SA-00289","INTEL-SA-00477","INTEL-SA-00381","INTEL-SA-00389","INTEL-SA-00320","INTEL-SA-00329"],"caller":"sgx.go:347","level":"error","module":"runtime/host/sgx","msg":"attestation likely rejected by IAS","quote_status":"GROUP_OUT_OF_DATE","ts":"2022-05-30T14:02:31.569389698Z"}
{"caller":"connection.go:487","err":"read unix /tmp/oasis-runtime350462093/host.sock->@: use of closed network connection","level":"error","module":"runtime/host/sgx","msg":"error while receiving message from worker","runtime_id":"000000000000000000000000000000000000000000000000e199119c992377cb","ts":"2022-05-30T14:02:31.569440366Z"}
{"caller":"sandbox.go:463","err":"failed to initialize connection: failed to initialize TEE: error while configuring AVR: rejecting quote status (\"GROUP_OUT_OF_DATE\")","level":"error","module":"runtime/host/sgx","msg":"failed to start runtime","runtime_id":"000000000000000000000000000000000000000000000000e199119c992377cb","ts":"2022-05-30T14:02:31.569656944Z"}
{"attempt":382,"caller":"sandbox.go:458","level":"info","module":"runtime/host/sgx","msg":"starting runtime","runtime_id":"000000000000000000000000000000000000000000000000e199119c992377cb","ts":"2022-05-30T14:03:16.416023004Z"}
{"caller":"sgx.go:186","level":"info","module":"runtime/host/sgx","msg":"found SGX device","path":"/dev/isgx","ts":"2022-05-30T14:03:16.465299056Z"}
{"caller":"sandbox.go:271","level":"info","module":"runtime/host/sgx","msg":"waiting for runtime to connect","pid":142472,"runtime_id":"000000000000000000000000000000000000000000000000e199119c992377cb","ts":"2022-05-30T14:03:16.485090392Z"}
{"caller":"sandbox.go:316","level":"info","module":"runtime/host/sgx","msg":"runtime connected","pid":142472,"runtime_id":"000000000000000000000000000000000000000000000000e199119c992377cb","ts":"2022-05-30T14:03:16.835269046Z"}
{"msg":"Starting the runtime dispatcher","level":"INFO","ts{"caller":"connection.go:565","level":"info","module":"runtime/host/sgx","msg":"runtime host protocol initialized","runtime_id":"000000000000000000000000000000000000000000000000e199119c992377cb","runtime_version":"1.1.0","ts":"2022-05-30T14:03:16.841690977Z"}
{"advisory_ids":["INTEL-SA-00161","INTEL-SA-00219","INTEL-SA-00289","INTEL-SA-00477","INTEL-SA-00381","INTEL-SA-00389","INTEL-SA-00320","INTEL-SA-00329"],"caller":"sgx.go:347","level":"error","module":"runtime/host/sgx","msg":"attestation likely rejected by IAS","quote_status":"GROUP_OUT_OF_DATE","ts":"2022-05-30T14:03:17.547586979Z"}
{"caller":"connection.go:487","err":"read unix /tmp/oasis-runtime3201490829/host.sock->@: use of closed network connection","level":"error","module":"runtime/host/sgx","msg":"error while receiving message from worker","runtime_id":"000000000000000000000000000000000000000000000000e199119c992377cb","ts":"2022-05-30T14:03:17.547653384Z"}
{"caller":"sandbox.go:463","err":"failed to initialize connection: failed to initialize TEE: error while configuring AVR: rejecting quote status (\"GROUP_OUT_OF_DATE\")","level":"error","module":"runtime/host/sgx","msg":"failed to start runtime","runtime_id":"000000000000000000000000000000000000000000000000e199119c992377cb","ts":"2022-05-30T14:03:17.547979369Z"}
{"attempt":383,"caller":"sandbox.go:458","level":"info","module":"runtime/host/sgx","msg":"starting runtime","runtime_id":"000000000000000000000000000000000000000000000000e199119c992377cb","ts":"2022-05-30T14:04:01.099613618Z"}
{"caller":"sgx.go:186","level":"info","module":"runtime/host/sgx","msg":"found SGX device","path":"/dev/isgx","ts":"2022-05-30T14:04:01.149824569Z"}
{"caller":"sandbox.go:271","level":"info","module":"runtime/host/sgx","msg":"waiting for runtime to connect","pid":142498,"runtime_id":"000000000000000000000000000000000000000000000000e199119c992377cb","ts":"2022-05-30T14:04:01.169995849Z"}
{"caller":"sandbox.go:316","level":"info","module":"runtime/host/sgx","msg":"runtime connected","pid":142498,"runtime_id":"000000000000000000000000000000000000000000000000e199119c992377cb","ts":"2022-05-30T14:04:01.516243191Z"}
{"msg":"Starting the runtime dispatcher","level":"INFO"{"caller":"connection.go:565","level":"info","module":"runtime/host/sgx","msg":"runtime host protocol initialized","runtime_id":"000000000000000000000000000000000000000000000000e199119c992377cb","runtime_version":"1.1.0","ts":"2022-05-30T14:04:01.524266683Z"}
{"advisory_ids":["INTEL-SA-00161","INTEL-SA-00219","INTEL-SA-00289","INTEL-SA-00477","INTEL-SA-00381","INTEL-SA-00389","INTEL-SA-00320","INTEL-SA-00329"],"caller":"sgx.go:347","level":"error","module":"runtime/host/sgx","msg":"attestation likely rejected by IAS","quote_status":"GROUP_OUT_OF_DATE","ts":"2022-05-30T14:04:02.244311437Z"}
{"caller":"connection.go:487","err":"read unix /tmp/oasis-runtime2105323190/host.sock->@: use of closed network connection","level":"error","module":"runtime/host/sgx","msg":"error while receiving message from worker","runtime_id":"000000000000000000000000000000000000000000000000e199119c992377cb","ts":"2022-05-30T14:04:02.244375685Z"}
{"caller":"sandbox.go:463","err":"failed to initialize connection: failed to initialize TEE: error while configuring AVR: rejecting quote status (\"GROUP_OUT_OF_DATE\")","level":"error","module":"runtime/host/sgx","msg":"failed to start runtime","runtime_id":"000000000000000000000000000000000000000000000000e199119c992377cb","ts":"2022-05-30T14:04:02.244615215Z"}
{"attempt":384,"caller":"sandbox.go:458","level":"info","module":"runtime/host/sgx","msg":"starting runtime","runtime_id":"000000000000000000000000000000000000000000000000e199119c992377cb","ts":"2022-05-30T14:05:05.964438717Z"}
{"caller":"sgx.go:186","level":"info","module":"runtime/host/sgx","msg":"found SGX device","path":"/dev/isgx","ts":"2022-05-30T14:05:06.015459883Z"}
{"caller":"sandbox.go:271","level":"info","module":"runtime/host/sgx","msg":"waiting for runtime to connect","pid":142540,"runtime_id":"000000000000000000000000000000000000000000000000e199119c992377cb","ts":"2022-05-30T14:05:06.035794049Z"}
{"caller":"sandbox.go:316","level":"info","module":"runtime/host/sgx","msg":"runtime connected","pid":142540,"runtime_id":"000000000000000000000000000000000000000000000000e199119c992377cb","ts":"2022-05-30T14:05:06.391351956Z"}
{"msg":"Starting the runtime dispatcher","level":"INFO","ts{"caller":"connection.go:565","level":"info","module":"runtime/host/sgx","msg":"runtime host protocol initialized","runtime_id":"000000000000000000000000000000000000000000000000e199119c992377cb","runtime_version":"1.1.0","ts":"2022-05-30T14:05:06.398242459Z"}
{"advisory_ids":["INTEL-SA-00161","INTEL-SA-00219","INTEL-SA-00289","INTEL-SA-00477","INTEL-SA-00381","INTEL-SA-00389","INTEL-SA-00320","INTEL-SA-00329"],"caller":"sgx.go:347","level":"error","module":"runtime/host/sgx","msg":"attestation likely rejected by IAS","quote_status":"GROUP_OUT_OF_DATE","ts":"2022-05-30T14:05:07.004323214Z"}
{"caller":"connection.go:487","err":"read unix /tmp/oasis-runtime899583249/host.sock->@: use of closed network connection","level":"error","module":"runtime/host/sgx","msg":"error while receiving message from worker","runtime_id":"000000000000000000000000000000000000000000000000e199119c992377cb","ts":"2022-05-30T14:05:07.00440834Z"}
